<?xml version="1.0" encoding="UTF-8"?>
<!-- Generated by org.testng.reporters.JUnitReportReporter -->
<testsuite hostname="DESKTOP-1H1R9GO" failures="0" tests="1" name="sampleTests.SampleTest" time="0.024" errors="0" timestamp="2022-09-08T19:40:53 IST" skipped="0">
  <testcase classname="sampleTests.SampleTest" name="sampleTest" time="0.024"/>
  <system-out/>
</testsuite> <!-- sampleTests.SampleTest -->
