<?xml version="1.0" encoding="UTF-8"?>
<!-- Generated by org.testng.reporters.JUnitReportReporter -->
<testsuite hostname="DESKTOP-1H1R9GO" failures="0" tests="3" name="sampleTests.OrganisationTest" time="0.039" errors="0" timestamp="2022-09-09T11:48:02 IST" skipped="0">
  <testcase classname="sampleTests.OrganisationTest" name="modifyOrganisation" time="0.005"/>
  <system-out/>
  <testcase classname="sampleTests.OrganisationTest" name="deleteorganisation" time="0.009"/>
  <system-out/>
  <testcase classname="sampleTests.OrganisationTest" name="createorganisation" time="0.025"/>
  <system-out/>
</testsuite> <!-- sampleTests.OrganisationTest -->
